2018-04-14 12:29:36 INFO  ApacheHttpClient.sendEvent(464) - responseCode = 200
2018-04-14 12:30:36 INFO  ApacheHttpClient.sendEvent(464) - responseCode = 200
2018-04-14 12:31:36 INFO  ApacheHttpClient.sendEvent(464) - responseCode = 200
2018-04-14 12:32:36 INFO  ApacheHttpClient.sendEvent(464) - responseCode = 200
2018-04-14 12:33:36 INFO  ApacheHttpClient.sendEvent(464) - responseCode = 200
2018-04-14 12:34:36 INFO  ApacheHttpClient.sendEvent(464) - responseCode = 200
2018-04-14 12:35:36 INFO  ApacheHttpClient.sendEvent(464) - responseCode = 200
2018-04-14 12:36:36 INFO  ApacheHttpClient.sendEvent(464) - responseCode = 200
2018-04-14 12:37:36 INFO  ApacheHttpClient.sendEvent(464) - responseCode = 200
2018-04-14 12:38:36 INFO  ApacheHttpClient.sendEvent(464) - responseCode = 200
2018-04-14 12:39:36 INFO  ApacheHttpClient.sendEvent(464) - responseCode = 200
2018-04-14 12:40:36 INFO  ApacheHttpClient.sendEvent(464) - responseCode = 200
2018-04-14 12:41:36 INFO  ApacheHttpClient.sendEvent(464) - responseCode = 200
2018-04-14 12:42:36 INFO  ApacheHttpClient.sendEvent(464) - responseCode = 200
2018-04-14 12:43:36 INFO  ApacheHttpClient.sendEvent(464) - responseCode = 200
2018-04-14 12:44:36 INFO  ApacheHttpClient.sendEvent(464) - responseCode = 200
2018-04-14 12:45:36 INFO  ApacheHttpClient.sendEvent(464) - responseCode = 200
2018-04-14 12:46:36 INFO  ApacheHttpClient.sendEvent(464) - responseCode = 200
2018-04-14 12:47:36 INFO  ApacheHttpClient.sendEvent(464) - responseCode = 200
2018-04-14 12:48:36 INFO  ApacheHttpClient.sendEvent(464) - responseCode = 200
2018-04-14 12:49:36 INFO  ApacheHttpClient.sendEvent(464) - responseCode = 200
2018-04-14 12:50:36 INFO  ApacheHttpClient.sendEvent(464) - responseCode = 200
2018-04-14 12:51:36 INFO  ApacheHttpClient.sendEvent(464) - responseCode = 200
2018-04-14 12:52:36 INFO  ApacheHttpClient.sendEvent(464) - responseCode = 200
2018-04-14 12:53:36 INFO  ApacheHttpClient.sendEvent(464) - responseCode = 200
2018-04-14 12:54:36 INFO  ApacheHttpClient.sendEvent(464) - responseCode = 200
2018-04-14 12:55:36 INFO  ApacheHttpClient.sendEvent(464) - responseCode = 200
2018-04-14 12:56:36 INFO  ApacheHttpClient.sendEvent(464) - responseCode = 200
2018-04-14 12:57:36 INFO  ApacheHttpClient.sendEvent(464) - responseCode = 200
2018-04-14 12:58:36 INFO  ApacheHttpClient.sendEvent(464) - responseCode = 200
2018-04-14 12:59:36 INFO  ApacheHttpClient.sendEvent(464) - responseCode = 200
2018-04-14 13:00:36 INFO  ApacheHttpClient.sendEvent(464) - responseCode = 200
2018-04-14 13:01:36 INFO  ApacheHttpClient.sendEvent(464) - responseCode = 200
2018-04-14 13:02:36 INFO  ApacheHttpClient.sendEvent(464) - responseCode = 200
2018-04-14 13:03:36 INFO  ApacheHttpClient.sendEvent(464) - responseCode = 200
2018-04-14 13:04:36 INFO  ApacheHttpClient.sendEvent(464) - responseCode = 200
2018-04-14 13:05:36 INFO  ApacheHttpClient.sendEvent(464) - responseCode = 200
2018-04-14 13:06:36 INFO  ApacheHttpClient.sendEvent(464) - responseCode = 200
2018-04-14 13:07:36 INFO  ApacheHttpClient.sendEvent(464) - responseCode = 200
2018-04-14 13:08:36 INFO  ApacheHttpClient.sendEvent(464) - responseCode = 200
2018-04-14 13:09:36 INFO  ApacheHttpClient.sendEvent(464) - responseCode = 200
2018-04-14 13:10:36 INFO  ApacheHttpClient.sendEvent(464) - responseCode = 200
2018-04-14 13:11:36 INFO  ApacheHttpClient.sendEvent(464) - responseCode = 200
2018-04-14 13:12:36 INFO  ApacheHttpClient.sendEvent(464) - responseCode = 200
2018-04-14 13:13:36 INFO  ApacheHttpClient.sendEvent(464) - responseCode = 200
2018-04-14 13:14:36 INFO  ApacheHttpClient.sendEvent(464) - responseCode = 200
2018-04-14 13:15:36 INFO  ApacheHttpClient.sendEvent(464) - responseCode = 200
2018-04-14 13:16:36 INFO  ApacheHttpClient.sendEvent(464) - responseCode = 200
2018-04-14 13:17:36 INFO  ApacheHttpClient.sendEvent(464) - responseCode = 200
2018-04-14 13:18:36 INFO  ApacheHttpClient.sendEvent(464) - responseCode = 200
2018-04-14 13:19:36 INFO  ApacheHttpClient.sendEvent(464) - responseCode = 200
2018-04-14 13:20:36 INFO  ApacheHttpClient.sendEvent(464) - responseCode = 200
2018-04-14 13:21:36 INFO  ApacheHttpClient.sendEvent(464) - responseCode = 200
2018-04-14 13:22:36 INFO  ApacheHttpClient.sendEvent(464) - responseCode = 200
2018-04-14 13:23:36 INFO  ApacheHttpClient.sendEvent(464) - responseCode = 200
2018-04-14 13:24:36 INFO  ApacheHttpClient.sendEvent(464) - responseCode = 200
2018-04-14 13:25:36 INFO  ApacheHttpClient.sendEvent(464) - responseCode = 200
2018-04-14 13:26:36 INFO  ApacheHttpClient.sendEvent(464) - responseCode = 200
2018-04-14 13:27:36 INFO  ApacheHttpClient.sendEvent(464) - responseCode = 200
2018-04-14 13:28:36 INFO  ApacheHttpClient.sendEvent(464) - responseCode = 200
2018-04-14 13:29:36 INFO  ApacheHttpClient.sendEvent(464) - responseCode = 200
2018-04-14 13:30:36 INFO  ApacheHttpClient.sendEvent(464) - responseCode = 200
2018-04-14 13:31:36 INFO  ApacheHttpClient.sendEvent(464) - responseCode = 200
2018-04-14 13:32:36 INFO  ApacheHttpClient.sendEvent(464) - responseCode = 200
2018-04-14 13:33:36 INFO  ApacheHttpClient.sendEvent(464) - responseCode = 200
2018-04-14 13:34:36 INFO  ApacheHttpClient.sendEvent(464) - responseCode = 200
2018-04-14 13:35:36 INFO  ApacheHttpClient.sendEvent(464) - responseCode = 200
2018-04-14 13:36:36 INFO  ApacheHttpClient.sendEvent(464) - responseCode = 200
2018-04-14 13:37:36 INFO  ApacheHttpClient.sendEvent(464) - responseCode = 200
2018-04-14 13:38:36 INFO  ApacheHttpClient.sendEvent(464) - responseCode = 200
2018-04-14 13:39:36 INFO  ApacheHttpClient.sendEvent(464) - responseCode = 200
2018-04-14 13:40:36 INFO  ApacheHttpClient.sendEvent(464) - responseCode = 200
2018-04-14 13:41:36 INFO  ApacheHttpClient.sendEvent(464) - responseCode = 200
2018-04-14 13:42:36 INFO  ApacheHttpClient.sendEvent(464) - responseCode = 200
2018-04-14 13:43:36 INFO  ApacheHttpClient.sendEvent(464) - responseCode = 200
2018-04-14 13:44:36 INFO  ApacheHttpClient.sendEvent(464) - responseCode = 200
2018-04-14 13:45:36 INFO  ApacheHttpClient.sendEvent(464) - responseCode = 200
2018-04-14 13:46:26 INFO  ApacheHttpClient.testConnection(188) - responseCode = 200
2018-04-14 13:46:26 INFO  ApacheHttpClient.testConnection(196) - result = true
2018-04-14 13:46:36 INFO  ApacheHttpClient.sendEvent(464) - responseCode = 200
2018-04-14 13:47:36 INFO  ApacheHttpClient.sendEvent(464) - responseCode = 200
2018-04-14 13:48:36 INFO  ApacheHttpClient.sendEvent(464) - responseCode = 200
2018-04-14 13:49:36 INFO  ApacheHttpClient.sendEvent(464) - responseCode = 200
2018-04-14 13:50:36 INFO  ApacheHttpClient.sendEvent(464) - responseCode = 200
2018-04-14 13:51:36 INFO  ApacheHttpClient.sendEvent(464) - responseCode = 200
2018-04-14 13:52:36 INFO  ApacheHttpClient.sendEvent(464) - responseCode = 200
2018-04-14 13:53:36 INFO  ApacheHttpClient.sendEvent(464) - responseCode = 200
2018-04-14 13:54:36 INFO  ApacheHttpClient.sendEvent(464) - responseCode = 200
2018-04-14 13:54:59 INFO  JavaRushTasksProjectComponent.projectClosing(165) - ---------- Project JavaRushTasks closed ----------

2018-04-14 13:54:59 INFO  ApacheHttpClient.getTask(416) - responseCode = 200
2018-04-14 13:54:59 INFO  ApacheHttpClient.getTask(416) - responseCode = 200
2018-04-14 13:54:59 INFO  ApacheHttpClient.getTask(416) - responseCode = 200
2018-04-15 09:49:40 INFO  JavaRushTasksProjectComponent.projectOpened(68) - ---------- Project JavaRushTasks opened ----------
2018-04-15 09:49:40 INFO  JavaRushTasksProjectComponent.projectOpened(69) - ---------- Version 3.16 ----------

2018-04-15 09:49:40 INFO  ApacheHttpClient.createAsyncHttpClient(130) - Выбрано 1 прокси. Тип : DIRECT
2018-04-15 09:49:40 INFO  ApacheHttpClient.<init>(88) - ApacheHttpClient проинстанциирован успешно.
2018-04-15 09:49:45 INFO  ApacheHttpClient.testConnection(188) - responseCode = 200
2018-04-15 09:49:45 INFO  ApacheHttpClient.testConnection(196) - result = true
2018-04-15 09:49:45 INFO  ApacheHttpClient.login(220) - Ожидание ответа сервера.
2018-04-15 09:49:45 INFO  ApacheHttpClient.login(220) - Ожидание ответа сервера.
2018-04-15 09:49:46 INFO  ApacheHttpClient.login(224) - responseCode = 200
2018-04-15 09:49:46 INFO  ApacheHttpClient.login(255) - JSESSIONID=CF5489F32F509C133E2F4547C8606E8E
2018-04-15 09:49:46 INFO  ApacheHttpClient.refreshUserInfo(283) - responseCode = 200
2018-04-15 09:49:46 INFO  ApacheHttpClient.refreshUserInfo(289) - Информация о пользователе получена.
2018-04-15 09:49:46 INFO  ApacheHttpClient.startGA(31) - GAService запущен.
2018-04-15 09:49:46 INFO  AbstractRestApiClient.startService(70) - EventsService запущен.
2018-04-15 09:49:50 INFO  ApacheHttpClient.testConnection(188) - responseCode = 200
2018-04-15 09:49:50 INFO  ApacheHttpClient.testConnection(196) - result = true
2018-04-15 09:49:50 INFO  ApacheHttpClient.testConnection(188) - responseCode = 200
2018-04-15 09:49:50 INFO  ApacheHttpClient.testConnection(196) - result = true
2018-04-15 09:49:51 INFO  ApacheHttpClient.testConnection(188) - responseCode = 200
2018-04-15 09:49:51 INFO  ApacheHttpClient.testConnection(196) - result = true
2018-04-15 09:49:52 INFO  ApacheHttpClient.getWebResourceAsStream(431) - responseCode = 200
2018-04-15 09:49:56 INFO  ApacheHttpClient.testConnection(188) - responseCode = 200
2018-04-15 09:49:56 INFO  ApacheHttpClient.testConnection(196) - result = true
2018-04-15 09:49:56 INFO  ApacheHttpClient.testConnection(188) - responseCode = 200
2018-04-15 09:49:56 INFO  ApacheHttpClient.testConnection(196) - result = true
2018-04-15 09:50:05 INFO  ApacheHttpClient.getWebResourceAsStream(431) - responseCode = 200
2018-04-15 09:50:06 INFO  ApacheHttpClient.getFilteredTasks(318) - responseCode = 200
2018-04-15 09:50:14 INFO  ApacheHttpClient.getTaskTemplateInfo(335) - responseCode = 200
2018-04-15 09:50:14 INFO  ApacheHttpClient.testConnection(188) - responseCode = 200
2018-04-15 09:50:14 INFO  ApacheHttpClient.testConnection(196) - result = true
2018-04-15 09:50:15 INFO  ApacheHttpClient.testConnection(188) - responseCode = 200
2018-04-15 09:50:15 INFO  ApacheHttpClient.testConnection(196) - result = true
2018-04-15 09:50:15 INFO  ApacheHttpClient.getWebResourceAsStream(431) - responseCode = 200
2018-04-15 09:50:46 INFO  ApacheHttpClient.sendEvent(464) - responseCode = 200
2018-04-15 09:51:46 INFO  ApacheHttpClient.sendEvent(464) - responseCode = 200
2018-04-15 09:52:46 INFO  ApacheHttpClient.sendEvent(464) - responseCode = 200
2018-04-15 09:53:46 INFO  ApacheHttpClient.sendEvent(464) - responseCode = 200
2018-04-15 09:54:46 INFO  ApacheHttpClient.sendEvent(464) - responseCode = 200
2018-04-15 09:55:46 INFO  ApacheHttpClient.sendEvent(464) - responseCode = 200
2018-04-15 09:56:46 INFO  ApacheHttpClient.sendEvent(464) - responseCode = 200
2018-04-15 09:57:46 INFO  ApacheHttpClient.sendEvent(464) - responseCode = 200
2018-04-15 09:58:46 INFO  ApacheHttpClient.sendEvent(464) - responseCode = 200
2018-04-15 09:59:46 INFO  ApacheHttpClient.sendEvent(464) - responseCode = 200
2018-04-15 10:00:46 INFO  ApacheHttpClient.sendEvent(464) - responseCode = 200
2018-04-15 10:01:46 INFO  ApacheHttpClient.sendEvent(464) - responseCode = 200
2018-04-15 10:02:46 INFO  ApacheHttpClient.sendEvent(464) - responseCode = 200
2018-04-15 10:03:46 INFO  ApacheHttpClient.sendEvent(464) - responseCode = 200
2018-04-15 10:04:46 INFO  ApacheHttpClient.sendEvent(464) - responseCode = 200
2018-04-15 10:05:46 INFO  ApacheHttpClient.sendEvent(464) - responseCode = 200
2018-04-15 10:06:46 INFO  ApacheHttpClient.sendEvent(464) - responseCode = 200
2018-04-15 10:07:46 INFO  ApacheHttpClient.sendEvent(464) - responseCode = 200
2018-04-15 10:08:46 INFO  ApacheHttpClient.sendEvent(464) - responseCode = 200
2018-04-15 10:09:46 INFO  ApacheHttpClient.sendEvent(464) - responseCode = 200
2018-04-15 10:10:46 INFO  ApacheHttpClient.sendEvent(464) - responseCode = 200
2018-04-15 10:11:46 INFO  ApacheHttpClient.sendEvent(464) - responseCode = 200
2018-04-15 10:12:46 INFO  ApacheHttpClient.sendEvent(464) - responseCode = 200
2018-04-15 10:13:46 INFO  ApacheHttpClient.sendEvent(464) - responseCode = 200
2018-04-15 10:14:46 INFO  ApacheHttpClient.sendEvent(464) - responseCode = 200
2018-04-15 10:15:46 INFO  ApacheHttpClient.sendEvent(464) - responseCode = 200
2018-04-15 10:16:46 INFO  ApacheHttpClient.sendEvent(464) - responseCode = 200
2018-04-15 10:17:46 INFO  ApacheHttpClient.sendEvent(464) - responseCode = 200
2018-04-15 10:18:46 INFO  ApacheHttpClient.sendEvent(464) - responseCode = 200
2018-04-15 10:19:49 INFO  ApacheHttpClient.sendEvent(464) - responseCode = 200
2018-04-15 10:23:58 ERROR ApacheHttpClient.processExceptionSendEvent(102) - (super) Ошибка во время отправки ивента на сервер.
2018-04-15 10:23:58 ERROR ApacheHttpClient.processExceptionSendEvent(102) - (super) Ошибка во время отправки ивента на сервер.
2018-04-15 10:23:58 ERROR ApacheHttpClient.processExceptionSendEvent(102) - (super) Ошибка во время отправки ивента на сервер.
2018-04-15 10:23:58 ERROR ApacheHttpClient.processExceptionSendEvent(102) - (super) Ошибка во время отправки ивента на сервер.
2018-04-15 10:24:46 ERROR ApacheHttpClient.processExceptionSendEvent(102) - (super) Ошибка во время отправки ивента на сервер.
2018-04-15 10:25:46 ERROR ApacheHttpClient.processExceptionSendEvent(102) - (super) Ошибка во время отправки ивента на сервер.
2018-04-15 10:26:46 ERROR ApacheHttpClient.processExceptionSendEvent(102) - (super) Ошибка во время отправки ивента на сервер.
2018-04-15 10:27:46 ERROR ApacheHttpClient.processExceptionSendEvent(102) - (super) Ошибка во время отправки ивента на сервер.
2018-04-15 10:28:29 ERROR ApacheHttpClient.isServerUpdatesNow(491) - Ошибка во время проверки доступности сервера. : java.util.concurrent.ExecutionException
2018-04-15 10:28:29 WARN  ValidateButton.checkServerAvailable(68) - Сервер Javarush обновляется. Подождите немного, перезапустите IntelliJ IDEA и повторите попытку.
2018-04-15 10:28:46 ERROR ApacheHttpClient.processExceptionSendEvent(102) - (super) Ошибка во время отправки ивента на сервер.
2018-04-15 10:29:46 ERROR ApacheHttpClient.processExceptionSendEvent(102) - (super) Ошибка во время отправки ивента на сервер.
2018-04-15 10:30:27 INFO  ApacheHttpClient.getWebResourceAsStream(431) - responseCode = 200
2018-04-15 10:30:28 INFO  ApacheHttpClient.getTask(416) - responseCode = 200
2018-04-15 10:30:28 INFO  ApacheHttpClient.getWebResourceAsStream(431) - responseCode = 200
2018-04-15 10:30:30 INFO  ApacheHttpClient.completed(27) - responseCode = 200
2018-04-15 10:30:30 INFO  ApacheHttpClient.getTask(416) - responseCode = 200
2018-04-15 10:30:46 INFO  ApacheHttpClient.sendEvent(464) - responseCode = 200
2018-04-15 10:31:41 INFO  ApacheHttpClient.getWebResourceAsStream(431) - responseCode = 200
2018-04-15 10:31:42 INFO  ApacheHttpClient.getTask(416) - responseCode = 200
2018-04-15 10:31:52 INFO  ApacheHttpClient.sendEvent(464) - responseCode = 200
2018-04-15 10:32:03 INFO  ApacheHttpClient.getWebResourceAsStream(431) - responseCode = 200
2018-04-15 10:32:04 INFO  ApacheHttpClient.getFilteredTasks(318) - responseCode = 200
2018-04-15 10:32:07 INFO  ApacheHttpClient.getTaskTemplateInfo(335) - responseCode = 200
2018-04-15 10:32:10 INFO  ApacheHttpClient.testConnection(188) - responseCode = 200
2018-04-15 10:32:10 INFO  ApacheHttpClient.testConnection(196) - result = true
2018-04-15 10:32:11 INFO  ApacheHttpClient.testConnection(188) - responseCode = 200
2018-04-15 10:32:11 INFO  ApacheHttpClient.testConnection(196) - result = true
2018-04-15 10:32:11 INFO  ApacheHttpClient.getWebResourceAsStream(431) - responseCode = 200
2018-04-15 10:32:47 INFO  ApacheHttpClient.sendEvent(464) - responseCode = 200
2018-04-15 10:33:49 INFO  ApacheHttpClient.sendEvent(464) - responseCode = 200
2018-04-15 10:34:46 INFO  ApacheHttpClient.sendEvent(464) - responseCode = 200
2018-04-15 10:35:46 INFO  ApacheHttpClient.sendEvent(464) - responseCode = 200
2018-04-15 10:36:46 INFO  ApacheHttpClient.sendEvent(464) - responseCode = 200
2018-04-15 10:37:46 INFO  ApacheHttpClient.sendEvent(464) - responseCode = 200
2018-04-15 10:38:46 INFO  ApacheHttpClient.sendEvent(464) - responseCode = 200
2018-04-15 10:39:46 INFO  ApacheHttpClient.sendEvent(464) - responseCode = 200
2018-04-15 10:40:46 INFO  ApacheHttpClient.sendEvent(464) - responseCode = 200
2018-04-15 10:40:56 INFO  ApacheHttpClient.testConnection(188) - responseCode = 200
2018-04-15 10:40:56 INFO  ApacheHttpClient.testConnection(196) - result = true
2018-04-15 10:41:46 INFO  ApacheHttpClient.sendEvent(464) - responseCode = 200
2018-04-15 10:41:58 INFO  ApacheHttpClient.getWebResourceAsStream(431) - responseCode = 200
2018-04-15 10:41:59 INFO  ApacheHttpClient.getTask(416) - responseCode = 200
2018-04-15 10:41:59 INFO  ApacheHttpClient.getWebResourceAsStream(431) - responseCode = 200
2018-04-15 10:42:01 INFO  ApacheHttpClient.completed(27) - responseCode = 200
2018-04-15 10:42:16 INFO  ApacheHttpClient.getWebResourceAsStream(431) - responseCode = 200
2018-04-15 10:42:16 INFO  ApacheHttpClient.getTask(416) - responseCode = 200
2018-04-15 10:42:16 INFO  ApacheHttpClient.getWebResourceAsStream(431) - responseCode = 200
2018-04-15 10:42:18 INFO  ApacheHttpClient.completed(27) - responseCode = 200
2018-04-15 10:42:18 INFO  ApacheHttpClient.getTask(416) - responseCode = 200
2018-04-15 10:42:46 INFO  ApacheHttpClient.sendEvent(464) - responseCode = 200
2018-04-15 10:43:06 INFO  ApacheHttpClient.getWebResourceAsStream(431) - responseCode = 200
2018-04-15 10:43:07 INFO  ApacheHttpClient.getTask(416) - responseCode = 200
2018-04-15 10:43:46 INFO  ApacheHttpClient.sendEvent(464) - responseCode = 200
2018-04-15 10:43:55 INFO  ApacheHttpClient.getWebResourceAsStream(431) - responseCode = 200
2018-04-15 10:43:55 INFO  ApacheHttpClient.getFilteredTasks(318) - responseCode = 200
2018-04-15 10:44:00 INFO  ApacheHttpClient.getTaskTemplateInfo(335) - responseCode = 200
2018-04-15 10:44:01 INFO  ApacheHttpClient.testConnection(188) - responseCode = 200
2018-04-15 10:44:01 INFO  ApacheHttpClient.testConnection(196) - result = true
2018-04-15 10:44:02 INFO  ApacheHttpClient.testConnection(188) - responseCode = 200
2018-04-15 10:44:02 INFO  ApacheHttpClient.testConnection(196) - result = true
2018-04-15 10:44:02 INFO  ApacheHttpClient.getWebResourceAsStream(431) - responseCode = 200
2018-04-15 10:44:46 INFO  ApacheHttpClient.sendEvent(464) - responseCode = 200
2018-04-15 10:45:46 INFO  ApacheHttpClient.sendEvent(464) - responseCode = 200
2018-04-15 10:46:46 INFO  ApacheHttpClient.sendEvent(464) - responseCode = 200
2018-04-15 10:47:46 INFO  ApacheHttpClient.sendEvent(464) - responseCode = 200
2018-04-15 10:48:46 INFO  ApacheHttpClient.sendEvent(464) - responseCode = 200
2018-04-15 10:49:46 INFO  ApacheHttpClient.sendEvent(464) - responseCode = 200
2018-04-15 10:50:46 INFO  ApacheHttpClient.sendEvent(464) - responseCode = 200
2018-04-15 10:51:15 INFO  ApacheHttpClient.getWebResourceAsStream(431) - responseCode = 200
2018-04-15 10:51:16 INFO  ApacheHttpClient.getTask(416) - responseCode = 200
2018-04-15 10:51:16 INFO  ApacheHttpClient.getWebResourceAsStream(431) - responseCode = 200
2018-04-15 10:51:17 INFO  ApacheHttpClient.completed(27) - responseCode = 200
2018-04-15 10:51:17 INFO  ApacheHttpClient.getTask(416) - responseCode = 200
2018-04-15 10:51:46 INFO  ApacheHttpClient.sendEvent(464) - responseCode = 200
2018-04-15 10:51:48 INFO  ApacheHttpClient.getWebResourceAsStream(431) - responseCode = 200
2018-04-15 10:51:49 INFO  ApacheHttpClient.getFilteredTasks(318) - responseCode = 200
2018-04-15 10:51:57 INFO  ApacheHttpClient.getTaskTemplateInfo(335) - responseCode = 200
2018-04-15 10:51:58 INFO  ApacheHttpClient.testConnection(188) - responseCode = 200
2018-04-15 10:51:58 INFO  ApacheHttpClient.testConnection(196) - result = true
2018-04-15 10:51:58 INFO  ApacheHttpClient.testConnection(188) - responseCode = 200
2018-04-15 10:51:58 INFO  ApacheHttpClient.testConnection(196) - result = true
2018-04-15 10:51:59 INFO  ApacheHttpClient.getWebResourceAsStream(431) - responseCode = 200
2018-04-15 10:52:46 INFO  ApacheHttpClient.sendEvent(464) - responseCode = 200
2018-04-15 10:53:46 INFO  ApacheHttpClient.sendEvent(464) - responseCode = 200
2018-04-15 10:54:46 INFO  ApacheHttpClient.sendEvent(464) - responseCode = 200
2018-04-15 10:55:46 INFO  ApacheHttpClient.sendEvent(464) - responseCode = 200
2018-04-15 10:56:46 INFO  ApacheHttpClient.sendEvent(464) - responseCode = 200
2018-04-15 10:57:46 INFO  ApacheHttpClient.sendEvent(464) - responseCode = 200
2018-04-15 10:58:46 INFO  ApacheHttpClient.sendEvent(464) - responseCode = 200
2018-04-15 10:59:46 INFO  ApacheHttpClient.sendEvent(464) - responseCode = 200
2018-04-15 11:00:46 INFO  ApacheHttpClient.sendEvent(464) - responseCode = 200
2018-04-15 11:01:22 INFO  ApacheHttpClient.getWebResourceAsStream(431) - responseCode = 200
2018-04-15 11:01:23 INFO  ApacheHttpClient.getTask(416) - responseCode = 200
2018-04-15 11:01:23 INFO  ApacheHttpClient.getWebResourceAsStream(431) - responseCode = 200
2018-04-15 11:01:24 INFO  ApacheHttpClient.completed(27) - responseCode = 200
2018-04-15 11:01:24 INFO  ApacheHttpClient.getTask(416) - responseCode = 200
2018-04-15 11:01:28 INFO  ApacheHttpClient.getWebResourceAsStream(431) - responseCode = 200
2018-04-15 11:01:28 INFO  ApacheHttpClient.getFilteredTasks(318) - responseCode = 200
2018-04-15 11:01:46 INFO  ApacheHttpClient.sendEvent(464) - responseCode = 200
2018-04-15 11:02:46 INFO  ApacheHttpClient.sendEvent(464) - responseCode = 200
2018-04-15 11:02:56 INFO  ApacheHttpClient.getWebResourceAsStream(431) - responseCode = 200
2018-04-15 11:02:56 INFO  ApacheHttpClient.getTask(416) - responseCode = 200
2018-04-15 11:03:46 INFO  ApacheHttpClient.sendEvent(464) - responseCode = 200
2018-04-15 11:04:46 INFO  ApacheHttpClient.sendEvent(464) - responseCode = 200
2018-04-15 11:05:46 INFO  ApacheHttpClient.sendEvent(464) - responseCode = 200
2018-04-15 11:05:46 INFO  ApacheHttpClient.sendEvent(464) - responseCode = 200
2018-04-15 11:05:46 INFO  ApacheHttpClient.sendEvent(464) - responseCode = 200
2018-04-15 11:06:46 INFO  ApacheHttpClient.sendEvent(464) - responseCode = 200
2018-04-15 11:06:46 INFO  ApacheHttpClient.sendEvent(464) - responseCode = 200
2018-04-15 11:06:46 INFO  ApacheHttpClient.sendEvent(464) - responseCode = 200
2018-04-15 11:06:46 INFO  ApacheHttpClient.sendEvent(464) - responseCode = 200
2018-04-15 11:07:46 INFO  ApacheHttpClient.sendEvent(464) - responseCode = 200
2018-04-15 11:07:46 INFO  ApacheHttpClient.sendEvent(464) - responseCode = 200
2018-04-15 11:07:46 INFO  ApacheHttpClient.sendEvent(464) - responseCode = 200
2018-04-15 11:07:46 INFO  ApacheHttpClient.sendEvent(464) - responseCode = 200
2018-04-15 11:08:46 INFO  ApacheHttpClient.sendEvent(464) - responseCode = 200
2018-04-15 11:09:46 INFO  ApacheHttpClient.sendEvent(464) - responseCode = 200
2018-04-15 11:10:46 INFO  ApacheHttpClient.sendEvent(464) - responseCode = 200
2018-04-15 11:11:46 INFO  ApacheHttpClient.sendEvent(464) - responseCode = 200
2018-04-15 11:12:46 INFO  ApacheHttpClient.sendEvent(464) - responseCode = 200
2018-04-15 11:13:46 INFO  ApacheHttpClient.sendEvent(464) - responseCode = 200
2018-04-15 11:14:46 INFO  ApacheHttpClient.sendEvent(464) - responseCode = 200
2018-04-15 11:15:46 INFO  ApacheHttpClient.sendEvent(464) - responseCode = 200
2018-04-15 11:16:46 INFO  ApacheHttpClient.sendEvent(464) - responseCode = 200
2018-04-15 11:17:46 INFO  ApacheHttpClient.sendEvent(464) - responseCode = 200
2018-04-15 11:18:46 INFO  ApacheHttpClient.sendEvent(464) - responseCode = 200
2018-04-15 11:19:46 INFO  ApacheHttpClient.sendEvent(464) - responseCode = 200
2018-04-15 11:20:46 INFO  ApacheHttpClient.sendEvent(464) - responseCode = 200
2018-04-15 11:21:46 INFO  ApacheHttpClient.sendEvent(464) - responseCode = 200
2018-04-15 11:22:46 INFO  ApacheHttpClient.sendEvent(464) - responseCode = 200
2018-04-15 11:23:46 INFO  ApacheHttpClient.sendEvent(464) - responseCode = 200
2018-04-15 11:24:46 INFO  ApacheHttpClient.sendEvent(464) - responseCode = 200
2018-04-15 11:25:46 INFO  ApacheHttpClient.sendEvent(464) - responseCode = 200
2018-04-15 11:26:46 INFO  ApacheHttpClient.sendEvent(464) - responseCode = 200
2018-04-15 11:27:46 INFO  ApacheHttpClient.sendEvent(464) - responseCode = 200
2018-04-15 11:28:46 INFO  ApacheHttpClient.sendEvent(464) - responseCode = 200
2018-04-15 11:29:46 INFO  ApacheHttpClient.sendEvent(464) - responseCode = 200
2018-04-15 11:30:38 INFO  JavaRushTasksProjectComponent.projectClosing(165) - ---------- Project JavaRushTasks closed ----------

2018-04-15 11:30:39 INFO  ApacheHttpClient.getTask(416) - responseCode = 200
2018-04-15 11:30:39 INFO  ApacheHttpClient.getTask(416) - responseCode = 200
2018-04-15 11:30:39 INFO  ApacheHttpClient.getTask(416) - responseCode = 200
2018-04-15 11:30:39 INFO  ApacheHttpClient.getTask(416) - responseCode = 200
2018-04-15 11:30:39 INFO  ApacheHttpClient.getTask(416) - responseCode = 200
2018-04-15 11:30:39 INFO  ApacheHttpClient.getTask(416) - responseCode = 200
2018-04-15 11:30:39 INFO  ApacheHttpClient.getTask(416) - responseCode = 200
2018-04-15 11:30:39 INFO  ApacheHttpClient.getTask(416) - responseCode = 200
2018-04-15 11:30:54 INFO  JavaRushTasksProjectComponent.projectOpened(68) - ---------- Project JavaRushTasks opened ----------
2018-04-15 11:30:54 INFO  JavaRushTasksProjectComponent.projectOpened(69) - ---------- Version 3.16 ----------

2018-04-15 11:30:54 INFO  ApacheHttpClient.createAsyncHttpClient(130) - Выбрано 1 прокси. Тип : DIRECT
2018-04-15 11:30:54 INFO  ApacheHttpClient.<init>(88) - ApacheHttpClient проинстанциирован успешно.
2018-04-15 11:30:55 INFO  ApacheHttpClient.testConnection(188) - responseCode = 200
2018-04-15 11:30:55 INFO  ApacheHttpClient.testConnection(196) - result = true
2018-04-15 11:30:55 INFO  ApacheHttpClient.login(220) - Ожидание ответа сервера.
2018-04-15 11:30:55 INFO  ApacheHttpClient.login(224) - responseCode = 200
2018-04-15 11:30:55 INFO  ApacheHttpClient.login(255) - JSESSIONID=C45F67F86BF12AACEF2AD21E90151072
2018-04-15 11:30:55 INFO  ApacheHttpClient.refreshUserInfo(283) - responseCode = 200
2018-04-15 11:30:55 INFO  ApacheHttpClient.refreshUserInfo(289) - Информация о пользователе получена.
2018-04-15 11:30:55 INFO  ApacheHttpClient.startGA(31) - GAService запущен.
2018-04-15 11:30:55 INFO  AbstractRestApiClient.startService(70) - EventsService запущен.
2018-04-15 11:30:57 INFO  ApacheHttpClient.testConnection(188) - responseCode = 200
2018-04-15 11:30:57 INFO  ApacheHttpClient.testConnection(196) - result = true
2018-04-15 11:30:57 INFO  ApacheHttpClient.testConnection(188) - responseCode = 200
2018-04-15 11:30:57 INFO  ApacheHttpClient.testConnection(196) - result = true
2018-04-15 11:30:58 INFO  ApacheHttpClient.getWebResourceAsStream(431) - responseCode = 200
2018-04-15 11:31:01 INFO  ApacheHttpClient.testConnection(188) - responseCode = 200
2018-04-15 11:31:01 INFO  ApacheHttpClient.testConnection(196) - result = true
2018-04-15 11:31:01 INFO  ApacheHttpClient.testConnection(188) - responseCode = 200
2018-04-15 11:31:01 INFO  ApacheHttpClient.testConnection(196) - result = true
2018-04-15 11:31:01 INFO  ApacheHttpClient.testConnection(188) - responseCode = 200
2018-04-15 11:31:01 INFO  ApacheHttpClient.testConnection(196) - result = true
2018-04-15 11:31:56 INFO  ApacheHttpClient.sendEvent(464) - responseCode = 200
2018-04-15 11:32:56 INFO  ApacheHttpClient.sendEvent(464) - responseCode = 200
2018-04-15 11:33:56 INFO  ApacheHttpClient.sendEvent(464) - responseCode = 200
